C:\Program Files (x86)\Microsoft Visual Studio\2019\Community\MSBuild\Microsoft\VC\v160\Microsoft.CppBuild.targets(459,5): warning MSB8028: The intermediate directory (Debug\) contains files shared from another project (GAME1017_Template_W01.vcxproj).  This can lead to incorrect clean and rebuild behavior.
  Button.cpp
C:\Users\eorjs\Documents\겜프\GameProduction-2\GameProduction 2\GameProduction 2\Player.h(4,1): warning C4005: 'GRAV': macro redefinition
C:\Users\eorjs\Documents\겜프\GameProduction-2\GameProduction 2\GameProduction 2\PlatformPlayer.h(4): message : see previous definition of 'GRAV'
C:\Users\eorjs\Documents\겜프\GameProduction-2\GameProduction 2\GameProduction 2\Player.h(5,1): warning C4005: 'JUMPFORCE': macro redefinition
C:\Users\eorjs\Documents\겜프\GameProduction-2\GameProduction 2\GameProduction 2\PlatformPlayer.h(5): message : see previous definition of 'JUMPFORCE'
  CollisionManager.cpp
C:\Users\eorjs\Documents\겜프\GameProduction-2\GameProduction 2\GameProduction 2\PlatformPlayer.h(4,1): warning C4005: 'GRAV': macro redefinition
C:\Users\eorjs\Documents\겜프\GameProduction-2\GameProduction 2\GameProduction 2\Player.h(4): message : see previous definition of 'GRAV'
C:\Users\eorjs\Documents\겜프\GameProduction-2\GameProduction 2\GameProduction 2\PlatformPlayer.h(5,1): warning C4005: 'JUMPFORCE': macro redefinition
C:\Users\eorjs\Documents\겜프\GameProduction-2\GameProduction 2\GameProduction 2\Player.h(5): message : see previous definition of 'JUMPFORCE'
  DebugManager.cpp
  Enemy.cpp
C:\Users\eorjs\Documents\겜프\GameProduction-2\GameProduction 2\GameProduction 2\Enemy.cpp(79,34): warning C4838: conversion from 'float' to 'int' requires a narrowing conversion
C:\Users\eorjs\Documents\겜프\GameProduction-2\GameProduction 2\GameProduction 2\Enemy.cpp(79,34): warning C4244: 'initializing': conversion from 'float' to 'int', possible loss of data
C:\Users\eorjs\Documents\겜프\GameProduction-2\GameProduction 2\GameProduction 2\Enemy.cpp(79,51): warning C4838: conversion from 'float' to 'int' requires a narrowing conversion
C:\Users\eorjs\Documents\겜프\GameProduction-2\GameProduction 2\GameProduction 2\Enemy.cpp(79,51): warning C4244: 'initializing': conversion from 'float' to 'int', possible loss of data
C:\Users\eorjs\Documents\겜프\GameProduction-2\GameProduction 2\GameProduction 2\Enemy.cpp(79,72): warning C4838: conversion from 'float' to 'int' requires a narrowing conversion
C:\Users\eorjs\Documents\겜프\GameProduction-2\GameProduction 2\GameProduction 2\Enemy.cpp(79,72): warning C4244: 'initializing': conversion from 'float' to 'int', possible loss of data
C:\Users\eorjs\Documents\겜프\GameProduction-2\GameProduction 2\GameProduction 2\Enemy.cpp(79,96): warning C4838: conversion from 'float' to 'int' requires a narrowing conversion
C:\Users\eorjs\Documents\겜프\GameProduction-2\GameProduction 2\GameProduction 2\Enemy.cpp(79,96): warning C4244: 'initializing': conversion from 'float' to 'int', possible loss of data
C:\Users\eorjs\Documents\겜프\GameProduction-2\GameProduction 2\GameProduction 2\Enemy.cpp(80,34): warning C4838: conversion from 'float' to 'int' requires a narrowing conversion
C:\Users\eorjs\Documents\겜프\GameProduction-2\GameProduction 2\GameProduction 2\Enemy.cpp(80,34): warning C4244: 'initializing': conversion from 'float' to 'int', possible loss of data
C:\Users\eorjs\Documents\겜프\GameProduction-2\GameProduction 2\GameProduction 2\Enemy.cpp(80,51): warning C4838: conversion from 'float' to 'int' requires a narrowing conversion
C:\Users\eorjs\Documents\겜프\GameProduction-2\GameProduction 2\GameProduction 2\Enemy.cpp(80,51): warning C4244: 'initializing': conversion from 'float' to 'int', possible loss of data
C:\Users\eorjs\Documents\겜프\GameProduction-2\GameProduction 2\GameProduction 2\Enemy.cpp(80,68): warning C4838: conversion from 'float' to 'int' requires a narrowing conversion
C:\Users\eorjs\Documents\겜프\GameProduction-2\GameProduction 2\GameProduction 2\Enemy.cpp(80,68): warning C4244: 'initializing': conversion from 'float' to 'int', possible loss of data
C:\Users\eorjs\Documents\겜프\GameProduction-2\GameProduction 2\GameProduction 2\Enemy.cpp(80,85): warning C4838: conversion from 'float' to 'int' requires a narrowing conversion
C:\Users\eorjs\Documents\겜프\GameProduction-2\GameProduction 2\GameProduction 2\Enemy.cpp(80,85): warning C4244: 'initializing': conversion from 'float' to 'int', possible loss of data
  Engine.cpp
C:\Users\eorjs\Documents\겜프\GameProduction-2\GameProduction 2\GameProduction 2\PlatformPlayer.h(4,1): warning C4005: 'GRAV': macro redefinition
C:\Users\eorjs\Documents\겜프\GameProduction-2\GameProduction 2\GameProduction 2\Player.h(4): message : see previous definition of 'GRAV'
C:\Users\eorjs\Documents\겜프\GameProduction-2\GameProduction 2\GameProduction 2\PlatformPlayer.h(5,1): warning C4005: 'JUMPFORCE': macro redefinition
C:\Users\eorjs\Documents\겜프\GameProduction-2\GameProduction 2\GameProduction 2\Player.h(5): message : see previous definition of 'JUMPFORCE'
  EventManager.cpp
  FontManager.cpp
  GrapplingHook.cpp
C:\Users\eorjs\Documents\겜프\GameProduction-2\GameProduction 2\GameProduction 2\GrapplingHook.cpp(59,19): warning C4244: '+=': conversion from 'double' to 'float', possible loss of data
  Label.cpp
  Main.cpp
  MathManager.cpp
  PlatformEnemy.cpp
C:\Users\eorjs\Documents\겜프\GameProduction-2\GameProduction 2\GameProduction 2\Player.h(4,1): warning C4005: 'GRAV': macro redefinition
C:\Users\eorjs\Documents\겜프\GameProduction-2\GameProduction 2\GameProduction 2\PlatformEnemy.h(5): message : see previous definition of 'GRAV'
C:\Users\eorjs\Documents\겜프\GameProduction-2\GameProduction 2\GameProduction 2\Player.h(5,1): warning C4005: 'JUMPFORCE': macro redefinition
C:\Users\eorjs\Documents\겜프\GameProduction-2\GameProduction 2\GameProduction 2\PlatformEnemy.h(6): message : see previous definition of 'JUMPFORCE'
C:\Users\eorjs\Documents\겜프\GameProduction-2\GameProduction 2\GameProduction 2\PlatformEnemy.cpp(28,19): warning C4244: '+=': conversion from 'double' to 'float', possible loss of data
  PlatformPlayer.cpp
C:\Users\eorjs\Documents\겜프\GameProduction-2\GameProduction 2\GameProduction 2\Player.h(4,1): warning C4005: 'GRAV': macro redefinition
C:\Users\eorjs\Documents\겜프\GameProduction-2\GameProduction 2\GameProduction 2\PlatformPlayer.h(4): message : see previous definition of 'GRAV'
C:\Users\eorjs\Documents\겜프\GameProduction-2\GameProduction 2\GameProduction 2\Player.h(5,1): warning C4005: 'JUMPFORCE': macro redefinition
C:\Users\eorjs\Documents\겜프\GameProduction-2\GameProduction 2\GameProduction 2\PlatformPlayer.h(5): message : see previous definition of 'JUMPFORCE'
C:\Users\eorjs\Documents\겜프\GameProduction-2\GameProduction 2\GameProduction 2\PlatformPlayer.cpp(27,19): warning C4244: '+=': conversion from 'double' to 'float', possible loss of data
  Player.cpp
  SkillManager.cpp
  SoundManager.cpp
  StateManager.cpp
C:\Users\eorjs\Documents\겜프\GameProduction-2\GameProduction 2\GameProduction 2\Player.h(4,1): warning C4005: 'GRAV': macro redefinition
C:\Users\eorjs\Documents\겜프\GameProduction-2\GameProduction 2\GameProduction 2\PlatformPlayer.h(4): message : see previous definition of 'GRAV'
C:\Users\eorjs\Documents\겜프\GameProduction-2\GameProduction 2\GameProduction 2\Player.h(5,1): warning C4005: 'JUMPFORCE': macro redefinition
C:\Users\eorjs\Documents\겜프\GameProduction-2\GameProduction 2\GameProduction 2\PlatformPlayer.h(5): message : see previous definition of 'JUMPFORCE'
  States.cpp
C:\Users\eorjs\Documents\겜프\GameProduction-2\GameProduction 2\GameProduction 2\Player.h(4,1): warning C4005: 'GRAV': macro redefinition
C:\Users\eorjs\Documents\겜프\GameProduction-2\GameProduction 2\GameProduction 2\PlatformPlayer.h(4): message : see previous definition of 'GRAV'
C:\Users\eorjs\Documents\겜프\GameProduction-2\GameProduction 2\GameProduction 2\Player.h(5,1): warning C4005: 'JUMPFORCE': macro redefinition
C:\Users\eorjs\Documents\겜프\GameProduction-2\GameProduction 2\GameProduction 2\PlatformPlayer.h(5): message : see previous definition of 'JUMPFORCE'
C:\Users\eorjs\Documents\겜프\GameProduction-2\GameProduction 2\GameProduction 2\States.cpp(91,21): warning C4244: 'argument': conversion from 'double' to 'float', possible loss of data
C:\Users\eorjs\Documents\겜프\GameProduction-2\GameProduction 2\GameProduction 2\States.cpp(90,61): warning C4244: 'argument': conversion from 'double' to 'float', possible loss of data
  TextureManager.cpp
  Generating Code...
  GameProduction 2.vcxproj -> C:\Users\eorjs\Documents\겜프\GameProduction-2\GameProduction 2\Debug\GameProduction 2.exe
