          1개 파일이 복사되었습니다.
          1개 파일이 복사되었습니다.
          1개 파일이 복사되었습니다.
          1개 파일이 복사되었습니다.
          1개 파일이 복사되었습니다.
          1개 파일이 복사되었습니다.
          1개 파일이 복사되었습니다.
          1개 파일이 복사되었습니다.
          1개 파일이 복사되었습니다.
          1개 파일이 복사되었습니다.
          1개 파일이 복사되었습니다.
          1개 파일이 복사되었습니다.
          1개 파일이 복사되었습니다.
          1개 파일이 복사되었습니다.
          1개 파일이 복사되었습니다.
  문장 구분 오류입니다.
  D:\코딩\겜프\GameProduction-2\GameProduction 2\GameProduction 2\Aud\background_music2.wav
  D:\코딩\겜프\GameProduction-2\GameProduction 2\GameProduction 2\Aud\boom.wav
  D:\코딩\겜프\GameProduction-2\GameProduction 2\GameProduction 2\Aud\death.wav
  D:\코딩\겜프\GameProduction-2\GameProduction 2\GameProduction 2\Aud\enemy_bullets_sound_1.0.wav
  D:\코딩\겜프\GameProduction-2\GameProduction 2\GameProduction 2\Aud\Engines.wav
  D:\코딩\겜프\GameProduction-2\GameProduction 2\GameProduction 2\Aud\fire.wav
  D:\코딩\겜프\GameProduction-2\GameProduction 2\GameProduction 2\Aud\hook_extension3.wav
  D:\코딩\겜프\GameProduction-2\GameProduction 2\GameProduction 2\Aud\hook_grappling2.wav
  D:\코딩\겜프\GameProduction-2\GameProduction 2\GameProduction 2\Aud\hook_retraction3.wav
  D:\코딩\겜프\GameProduction-2\GameProduction 2\GameProduction 2\Aud\jump.wav
  D:\코딩\겜프\GameProduction-2\GameProduction 2\GameProduction 2\Aud\laser.wav
  D:\코딩\겜프\GameProduction-2\GameProduction 2\GameProduction 2\Aud\Menu screen music 1.0.wav
  D:\코딩\겜프\GameProduction-2\GameProduction 2\GameProduction 2\Aud\Menu_screen_music_1.0.wav
  D:\코딩\겜프\GameProduction-2\GameProduction 2\GameProduction 2\Aud\points_gained_1.0.wav
  D:\코딩\겜프\GameProduction-2\GameProduction 2\GameProduction 2\Aud\points_gained_2.0.wav
  D:\코딩\겜프\GameProduction-2\GameProduction 2\GameProduction 2\Aud\power.wav
  D:\코딩\겜프\GameProduction-2\GameProduction 2\GameProduction 2\Aud\power_up_sound_1.0.wav
  D:\코딩\겜프\GameProduction-2\GameProduction 2\GameProduction 2\Aud\Space_Loop1.wav
  D:\코딩\겜프\GameProduction-2\GameProduction 2\GameProduction 2\Aud\Turtles.mp3
  19개 파일이 복사되었습니다.
  D:\코딩\겜프\GameProduction-2\GameProduction 2\GameProduction 2\map\Game_map.txt
  D:\코딩\겜프\GameProduction-2\GameProduction 2\GameProduction 2\map\Level2.txt
  D:\코딩\겜프\GameProduction-2\GameProduction 2\GameProduction 2\map\LevelOneRedesign.txt
  D:\코딩\겜프\GameProduction-2\GameProduction 2\GameProduction 2\map\TileDataLevel1.txt
  D:\코딩\겜프\GameProduction-2\GameProduction 2\GameProduction 2\map\TileDataLevel2.txt
  D:\코딩\겜프\GameProduction-2\GameProduction 2\GameProduction 2\map\tutorial.txt
  6개 파일이 복사되었습니다.
  D:\코딩\겜프\GameProduction-2\GameProduction 2\GameProduction 2\Img\Assets.png
  D:\코딩\겜프\GameProduction-2\GameProduction 2\GameProduction 2\Img\Barrier.png
  D:\코딩\겜프\GameProduction-2\GameProduction 2\GameProduction 2\Img\battery.png
  D:\코딩\겜프\GameProduction-2\GameProduction 2\GameProduction 2\Img\CharacterFall.png
  D:\코딩\겜프\GameProduction-2\GameProduction 2\GameProduction 2\Img\CharacterIdle.png
  D:\코딩\겜프\GameProduction-2\GameProduction 2\GameProduction 2\Img\CharacterJumpFall.png
  D:\코딩\겜프\GameProduction-2\GameProduction 2\GameProduction 2\Img\CharacterWalk.png
  D:\코딩\겜프\GameProduction-2\GameProduction 2\GameProduction 2\Img\CharacterWalkBoost.png
  D:\코딩\겜프\GameProduction-2\GameProduction 2\GameProduction 2\Img\CharacterWalkInvisible.png
  D:\코딩\겜프\GameProduction-2\GameProduction 2\GameProduction 2\Img\CharacterWalkInvisible2.png
  D:\코딩\겜프\GameProduction-2\GameProduction 2\GameProduction 2\Img\circle.png
  D:\코딩\겜프\GameProduction-2\GameProduction 2\GameProduction 2\Img\Concept.png
  D:\코딩\겜프\GameProduction-2\GameProduction 2\GameProduction 2\Img\Concept2.png
  D:\코딩\겜프\GameProduction-2\GameProduction 2\GameProduction 2\Img\Drone2.png
  D:\코딩\겜프\GameProduction-2\GameProduction 2\GameProduction 2\Img\DroneBullet.png
  D:\코딩\겜프\GameProduction-2\GameProduction 2\GameProduction 2\Img\DroneFireIdle.png
  D:\코딩\겜프\GameProduction-2\GameProduction 2\GameProduction 2\Img\DroneIdle.png
  D:\코딩\겜프\GameProduction-2\GameProduction 2\GameProduction 2\Img\Enemies.png
  D:\코딩\겜프\GameProduction-2\GameProduction 2\GameProduction 2\Img\exit.png
  D:\코딩\겜프\GameProduction-2\GameProduction 2\GameProduction 2\Img\fireball.png
  D:\코딩\겜프\GameProduction-2\GameProduction 2\GameProduction 2\Img\flashlight.png
  D:\코딩\겜프\GameProduction-2\GameProduction 2\GameProduction 2\Img\FtAcidtestRegressive-0lWR.ttf
  D:\코딩\겜프\GameProduction-2\GameProduction 2\GameProduction 2\Img\GH.png
  D:\코딩\겜프\GameProduction-2\GameProduction 2\GameProduction 2\Img\Kit.png
  D:\코딩\겜프\GameProduction-2\GameProduction 2\GameProduction 2\Img\Latchboy.ttf
  D:\코딩\겜프\GameProduction-2\GameProduction 2\GameProduction 2\Img\LightCast_96.png
  D:\코딩\겜프\GameProduction-2\GameProduction 2\GameProduction 2\Img\LTYPE.TTF
  D:\코딩\겜프\GameProduction-2\GameProduction 2\GameProduction 2\Img\mainmenu.png
  D:\코딩\겜프\GameProduction-2\GameProduction 2\GameProduction 2\Img\mainmenuButton.png
  D:\코딩\겜프\GameProduction-2\GameProduction 2\GameProduction 2\Img\pauseButton.png
  D:\코딩\겜프\GameProduction-2\GameProduction 2\GameProduction 2\Img\play.png
  D:\코딩\겜프\GameProduction-2\GameProduction 2\GameProduction 2\Img\PlayerShip.png
  D:\코딩\겜프\GameProduction-2\GameProduction 2\GameProduction 2\Img\quitButton.png
  D:\코딩\겜프\GameProduction-2\GameProduction 2\GameProduction 2\Img\quitButtons.png
  D:\코딩\겜프\GameProduction-2\GameProduction 2\GameProduction 2\Img\resume.png
  D:\코딩\겜프\GameProduction-2\GameProduction 2\GameProduction 2\Img\resumeButton.png
  D:\코딩\겜프\GameProduction-2\GameProduction 2\GameProduction 2\Img\skills.png
  D:\코딩\겜프\GameProduction-2\GameProduction 2\GameProduction 2\Img\startBackground.png
  D:\코딩\겜프\GameProduction-2\GameProduction 2\GameProduction 2\Img\startButton.png
  D:\코딩\겜프\GameProduction-2\GameProduction 2\GameProduction 2\Img\tilemap1.png
  D:\코딩\겜프\GameProduction-2\GameProduction 2\GameProduction 2\Img\tutorial.png
  D:\코딩\겜프\GameProduction-2\GameProduction 2\GameProduction 2\Img\tutorialButton.png
  42개 파일이 복사되었습니다.
  Bullet.cpp
D:\코딩\겜프\GameProduction-2\GameProduction 2\GameProduction 2\Sprite.h(15,47): warning C4244: '=': 'double'에서 'float'(으)로 변환하면서 데이터가 손실될 수 있습니다.
D:\코딩\겜프\GameProduction-2\GameProduction 2\GameProduction 2\Sprite.h(15,60): warning C4244: '=': 'double'에서 'float'(으)로 변환하면서 데이터가 손실될 수 있습니다.
D:\코딩\겜프\GameProduction-2\GameProduction 2\GameProduction 2\Sprite.h(16,47): warning C4244: '=': 'double'에서 'int'(으)로 변환하면서 데이터가 손실될 수 있습니다.
D:\코딩\겜프\GameProduction-2\GameProduction 2\GameProduction 2\Sprite.h(16,60): warning C4244: '=': 'double'에서 'int'(으)로 변환하면서 데이터가 손실될 수 있습니다.
D:\코딩\겜프\GameProduction-2\GameProduction 2\GameProduction 2\Sprite.h(19,47): warning C4244: '=': 'double'에서 'float'(으)로 변환하면서 데이터가 손실될 수 있습니다.
D:\코딩\겜프\GameProduction-2\GameProduction 2\GameProduction 2\Sprite.h(19,60): warning C4244: '=': 'double'에서 'float'(으)로 변환하면서 데이터가 손실될 수 있습니다.
D:\코딩\겜프\GameProduction-2\GameProduction 2\GameProduction 2\Player.h(25,27): warning C4244: 'return': 'double'에서 'int'(으)로 변환하면서 데이터가 손실될 수 있습니다.
  Button.cpp
D:\코딩\겜프\GameProduction-2\GameProduction 2\GameProduction 2\Sprite.h(15,47): warning C4244: '=': 'double'에서 'float'(으)로 변환하면서 데이터가 손실될 수 있습니다.
D:\코딩\겜프\GameProduction-2\GameProduction 2\GameProduction 2\Sprite.h(15,60): warning C4244: '=': 'double'에서 'float'(으)로 변환하면서 데이터가 손실될 수 있습니다.
D:\코딩\겜프\GameProduction-2\GameProduction 2\GameProduction 2\Sprite.h(16,47): warning C4244: '=': 'double'에서 'int'(으)로 변환하면서 데이터가 손실될 수 있습니다.
D:\코딩\겜프\GameProduction-2\GameProduction 2\GameProduction 2\Sprite.h(16,60): warning C4244: '=': 'double'에서 'int'(으)로 변환하면서 데이터가 손실될 수 있습니다.
D:\코딩\겜프\GameProduction-2\GameProduction 2\GameProduction 2\Sprite.h(19,47): warning C4244: '=': 'double'에서 'float'(으)로 변환하면서 데이터가 손실될 수 있습니다.
D:\코딩\겜프\GameProduction-2\GameProduction 2\GameProduction 2\Sprite.h(19,60): warning C4244: '=': 'double'에서 'float'(으)로 변환하면서 데이터가 손실될 수 있습니다.
D:\코딩\겜프\GameProduction-2\GameProduction 2\GameProduction 2\Player.h(25,27): warning C4244: 'return': 'double'에서 'int'(으)로 변환하면서 데이터가 손실될 수 있습니다.
  CollisionManager.cpp
D:\코딩\겜프\GameProduction-2\GameProduction 2\GameProduction 2\Sprite.h(15,47): warning C4244: '=': 'double'에서 'float'(으)로 변환하면서 데이터가 손실될 수 있습니다.
D:\코딩\겜프\GameProduction-2\GameProduction 2\GameProduction 2\Sprite.h(15,60): warning C4244: '=': 'double'에서 'float'(으)로 변환하면서 데이터가 손실될 수 있습니다.
D:\코딩\겜프\GameProduction-2\GameProduction 2\GameProduction 2\Sprite.h(16,47): warning C4244: '=': 'double'에서 'int'(으)로 변환하면서 데이터가 손실될 수 있습니다.
D:\코딩\겜프\GameProduction-2\GameProduction 2\GameProduction 2\Sprite.h(16,60): warning C4244: '=': 'double'에서 'int'(으)로 변환하면서 데이터가 손실될 수 있습니다.
D:\코딩\겜프\GameProduction-2\GameProduction 2\GameProduction 2\Sprite.h(19,47): warning C4244: '=': 'double'에서 'float'(으)로 변환하면서 데이터가 손실될 수 있습니다.
D:\코딩\겜프\GameProduction-2\GameProduction 2\GameProduction 2\Sprite.h(19,60): warning C4244: '=': 'double'에서 'float'(으)로 변환하면서 데이터가 손실될 수 있습니다.
D:\코딩\겜프\GameProduction-2\GameProduction 2\GameProduction 2\Player.h(25,27): warning C4244: 'return': 'double'에서 'int'(으)로 변환하면서 데이터가 손실될 수 있습니다.
D:\코딩\겜프\GameProduction-2\GameProduction 2\GameProduction 2\CollisionManager.cpp(104,36): warning C4244: '초기화 중': 'float'에서 'int'(으)로 변환하면서 데이터가 손실될 수 있습니다.
D:\코딩\겜프\GameProduction-2\GameProduction 2\GameProduction 2\CollisionManager.cpp(104,25): warning C4244: '초기화 중': 'float'에서 'const int'(으)로 변환하면서 데이터가 손실될 수 있습니다.
D:\코딩\겜프\GameProduction-2\GameProduction 2\GameProduction 2\CollisionManager.cpp(106,38): warning C4244: '초기화 중': 'float'에서 'int'(으)로 변환하면서 데이터가 손실될 수 있습니다.
D:\코딩\겜프\GameProduction-2\GameProduction 2\GameProduction 2\CollisionManager.cpp(106,26): warning C4244: '초기화 중': 'float'에서 'const int'(으)로 변환하면서 데이터가 손실될 수 있습니다.
  DebugManager.cpp
D:\코딩\겜프\GameProduction-2\GameProduction 2\GameProduction 2\Sprite.h(15,47): warning C4244: '=': 'double'에서 'float'(으)로 변환하면서 데이터가 손실될 수 있습니다.
D:\코딩\겜프\GameProduction-2\GameProduction 2\GameProduction 2\Sprite.h(15,60): warning C4244: '=': 'double'에서 'float'(으)로 변환하면서 데이터가 손실될 수 있습니다.
D:\코딩\겜프\GameProduction-2\GameProduction 2\GameProduction 2\Sprite.h(16,47): warning C4244: '=': 'double'에서 'int'(으)로 변환하면서 데이터가 손실될 수 있습니다.
D:\코딩\겜프\GameProduction-2\GameProduction 2\GameProduction 2\Sprite.h(16,60): warning C4244: '=': 'double'에서 'int'(으)로 변환하면서 데이터가 손실될 수 있습니다.
D:\코딩\겜프\GameProduction-2\GameProduction 2\GameProduction 2\Sprite.h(19,47): warning C4244: '=': 'double'에서 'float'(으)로 변환하면서 데이터가 손실될 수 있습니다.
D:\코딩\겜프\GameProduction-2\GameProduction 2\GameProduction 2\Sprite.h(19,60): warning C4244: '=': 'double'에서 'float'(으)로 변환하면서 데이터가 손실될 수 있습니다.
D:\코딩\겜프\GameProduction-2\GameProduction 2\GameProduction 2\Player.h(25,27): warning C4244: 'return': 'double'에서 'int'(으)로 변환하면서 데이터가 손실될 수 있습니다.
  Enemy.cpp
D:\코딩\겜프\GameProduction-2\GameProduction 2\GameProduction 2\Sprite.h(15,47): warning C4244: '=': 'double'에서 'float'(으)로 변환하면서 데이터가 손실될 수 있습니다.
D:\코딩\겜프\GameProduction-2\GameProduction 2\GameProduction 2\Sprite.h(15,60): warning C4244: '=': 'double'에서 'float'(으)로 변환하면서 데이터가 손실될 수 있습니다.
D:\코딩\겜프\GameProduction-2\GameProduction 2\GameProduction 2\Sprite.h(16,47): warning C4244: '=': 'double'에서 'int'(으)로 변환하면서 데이터가 손실될 수 있습니다.
D:\코딩\겜프\GameProduction-2\GameProduction 2\GameProduction 2\Sprite.h(16,60): warning C4244: '=': 'double'에서 'int'(으)로 변환하면서 데이터가 손실될 수 있습니다.
D:\코딩\겜프\GameProduction-2\GameProduction 2\GameProduction 2\Sprite.h(19,47): warning C4244: '=': 'double'에서 'float'(으)로 변환하면서 데이터가 손실될 수 있습니다.
D:\코딩\겜프\GameProduction-2\GameProduction 2\GameProduction 2\Sprite.h(19,60): warning C4244: '=': 'double'에서 'float'(으)로 변환하면서 데이터가 손실될 수 있습니다.
D:\코딩\겜프\GameProduction-2\GameProduction 2\GameProduction 2\Player.h(25,27): warning C4244: 'return': 'double'에서 'int'(으)로 변환하면서 데이터가 손실될 수 있습니다.
D:\코딩\겜프\GameProduction-2\GameProduction 2\GameProduction 2\Enemy.cpp(41,28): warning C4244: '=': 'int'에서 'float'(으)로 변환하면서 데이터가 손실될 수 있습니다.
D:\코딩\겜프\GameProduction-2\GameProduction 2\GameProduction 2\Enemy.cpp(96,34): warning C4838: 'float'에서 'int'(으)로의 변환에는 축소 변환이 필요합니다.
D:\코딩\겜프\GameProduction-2\GameProduction 2\GameProduction 2\Enemy.cpp(96,34): warning C4244: '초기화 중': 'float'에서 'int'(으)로 변환하면서 데이터가 손실될 수 있습니다.
D:\코딩\겜프\GameProduction-2\GameProduction 2\GameProduction 2\Enemy.cpp(96,51): warning C4838: 'float'에서 'int'(으)로의 변환에는 축소 변환이 필요합니다.
D:\코딩\겜프\GameProduction-2\GameProduction 2\GameProduction 2\Enemy.cpp(96,51): warning C4244: '초기화 중': 'float'에서 'int'(으)로 변환하면서 데이터가 손실될 수 있습니다.
D:\코딩\겜프\GameProduction-2\GameProduction 2\GameProduction 2\Enemy.cpp(96,72): warning C4838: 'float'에서 'int'(으)로의 변환에는 축소 변환이 필요합니다.
D:\코딩\겜프\GameProduction-2\GameProduction 2\GameProduction 2\Enemy.cpp(96,72): warning C4244: '초기화 중': 'float'에서 'int'(으)로 변환하면서 데이터가 손실될 수 있습니다.
D:\코딩\겜프\GameProduction-2\GameProduction 2\GameProduction 2\Enemy.cpp(96,96): warning C4838: 'float'에서 'int'(으)로의 변환에는 축소 변환이 필요합니다.
D:\코딩\겜프\GameProduction-2\GameProduction 2\GameProduction 2\Enemy.cpp(96,96): warning C4244: '초기화 중': 'float'에서 'int'(으)로 변환하면서 데이터가 손실될 수 있습니다.
D:\코딩\겜프\GameProduction-2\GameProduction 2\GameProduction 2\Enemy.cpp(97,34): warning C4838: 'float'에서 'int'(으)로의 변환에는 축소 변환이 필요합니다.
D:\코딩\겜프\GameProduction-2\GameProduction 2\GameProduction 2\Enemy.cpp(97,34): warning C4244: '초기화 중': 'float'에서 'int'(으)로 변환하면서 데이터가 손실될 수 있습니다.
D:\코딩\겜프\GameProduction-2\GameProduction 2\GameProduction 2\Enemy.cpp(97,51): warning C4838: 'float'에서 'int'(으)로의 변환에는 축소 변환이 필요합니다.
D:\코딩\겜프\GameProduction-2\GameProduction 2\GameProduction 2\Enemy.cpp(97,51): warning C4244: '초기화 중': 'float'에서 'int'(으)로 변환하면서 데이터가 손실될 수 있습니다.
D:\코딩\겜프\GameProduction-2\GameProduction 2\GameProduction 2\Enemy.cpp(97,68): warning C4838: 'float'에서 'int'(으)로의 변환에는 축소 변환이 필요합니다.
D:\코딩\겜프\GameProduction-2\GameProduction 2\GameProduction 2\Enemy.cpp(97,68): warning C4244: '초기화 중': 'float'에서 'int'(으)로 변환하면서 데이터가 손실될 수 있습니다.
D:\코딩\겜프\GameProduction-2\GameProduction 2\GameProduction 2\Enemy.cpp(97,85): warning C4838: 'float'에서 'int'(으)로의 변환에는 축소 변환이 필요합니다.
D:\코딩\겜프\GameProduction-2\GameProduction 2\GameProduction 2\Enemy.cpp(97,85): warning C4244: '초기화 중': 'float'에서 'int'(으)로 변환하면서 데이터가 손실될 수 있습니다.
  Engine.cpp
D:\코딩\겜프\GameProduction-2\GameProduction 2\GameProduction 2\Sprite.h(15,47): warning C4244: '=': 'double'에서 'float'(으)로 변환하면서 데이터가 손실될 수 있습니다.
D:\코딩\겜프\GameProduction-2\GameProduction 2\GameProduction 2\Sprite.h(15,60): warning C4244: '=': 'double'에서 'float'(으)로 변환하면서 데이터가 손실될 수 있습니다.
D:\코딩\겜프\GameProduction-2\GameProduction 2\GameProduction 2\Sprite.h(16,47): warning C4244: '=': 'double'에서 'int'(으)로 변환하면서 데이터가 손실될 수 있습니다.
D:\코딩\겜프\GameProduction-2\GameProduction 2\GameProduction 2\Sprite.h(16,60): warning C4244: '=': 'double'에서 'int'(으)로 변환하면서 데이터가 손실될 수 있습니다.
D:\코딩\겜프\GameProduction-2\GameProduction 2\GameProduction 2\Sprite.h(19,47): warning C4244: '=': 'double'에서 'float'(으)로 변환하면서 데이터가 손실될 수 있습니다.
D:\코딩\겜프\GameProduction-2\GameProduction 2\GameProduction 2\Sprite.h(19,60): warning C4244: '=': 'double'에서 'float'(으)로 변환하면서 데이터가 손실될 수 있습니다.
D:\코딩\겜프\GameProduction-2\GameProduction 2\GameProduction 2\Player.h(25,27): warning C4244: 'return': 'double'에서 'int'(으)로 변환하면서 데이터가 손실될 수 있습니다.
  EventManager.cpp
D:\코딩\겜프\GameProduction-2\GameProduction 2\GameProduction 2\Sprite.h(15,47): warning C4244: '=': 'double'에서 'float'(으)로 변환하면서 데이터가 손실될 수 있습니다.
D:\코딩\겜프\GameProduction-2\GameProduction 2\GameProduction 2\Sprite.h(15,60): warning C4244: '=': 'double'에서 'float'(으)로 변환하면서 데이터가 손실될 수 있습니다.
D:\코딩\겜프\GameProduction-2\GameProduction 2\GameProduction 2\Sprite.h(16,47): warning C4244: '=': 'double'에서 'int'(으)로 변환하면서 데이터가 손실될 수 있습니다.
D:\코딩\겜프\GameProduction-2\GameProduction 2\GameProduction 2\Sprite.h(16,60): warning C4244: '=': 'double'에서 'int'(으)로 변환하면서 데이터가 손실될 수 있습니다.
D:\코딩\겜프\GameProduction-2\GameProduction 2\GameProduction 2\Sprite.h(19,47): warning C4244: '=': 'double'에서 'float'(으)로 변환하면서 데이터가 손실될 수 있습니다.
D:\코딩\겜프\GameProduction-2\GameProduction 2\GameProduction 2\Sprite.h(19,60): warning C4244: '=': 'double'에서 'float'(으)로 변환하면서 데이터가 손실될 수 있습니다.
D:\코딩\겜프\GameProduction-2\GameProduction 2\GameProduction 2\Player.h(25,27): warning C4244: 'return': 'double'에서 'int'(으)로 변환하면서 데이터가 손실될 수 있습니다.
  FontManager.cpp
  GrapplingHook.cpp
D:\코딩\겜프\GameProduction-2\GameProduction 2\GameProduction 2\Sprite.h(15,47): warning C4244: '=': 'double'에서 'float'(으)로 변환하면서 데이터가 손실될 수 있습니다.
D:\코딩\겜프\GameProduction-2\GameProduction 2\GameProduction 2\Sprite.h(15,60): warning C4244: '=': 'double'에서 'float'(으)로 변환하면서 데이터가 손실될 수 있습니다.
D:\코딩\겜프\GameProduction-2\GameProduction 2\GameProduction 2\Sprite.h(16,47): warning C4244: '=': 'double'에서 'int'(으)로 변환하면서 데이터가 손실될 수 있습니다.
D:\코딩\겜프\GameProduction-2\GameProduction 2\GameProduction 2\Sprite.h(16,60): warning C4244: '=': 'double'에서 'int'(으)로 변환하면서 데이터가 손실될 수 있습니다.
D:\코딩\겜프\GameProduction-2\GameProduction 2\GameProduction 2\Sprite.h(19,47): warning C4244: '=': 'double'에서 'float'(으)로 변환하면서 데이터가 손실될 수 있습니다.
D:\코딩\겜프\GameProduction-2\GameProduction 2\GameProduction 2\Sprite.h(19,60): warning C4244: '=': 'double'에서 'float'(으)로 변환하면서 데이터가 손실될 수 있습니다.
D:\코딩\겜프\GameProduction-2\GameProduction 2\GameProduction 2\Player.h(25,27): warning C4244: 'return': 'double'에서 'int'(으)로 변환하면서 데이터가 손실될 수 있습니다.
D:\코딩\겜프\GameProduction-2\GameProduction 2\GameProduction 2\GrapplingHook.cpp(62,33): warning C4244: '-=': 'double'에서 'float'(으)로 변환하면서 데이터가 손실될 수 있습니다.
D:\코딩\겜프\GameProduction-2\GameProduction 2\GameProduction 2\GrapplingHook.cpp(66,33): warning C4244: '-=': 'double'에서 'float'(으)로 변환하면서 데이터가 손실될 수 있습니다.
  Label.cpp
D:\코딩\겜프\GameProduction-2\GameProduction 2\GameProduction 2\Sprite.h(15,47): warning C4244: '=': 'double'에서 'float'(으)로 변환하면서 데이터가 손실될 수 있습니다.
D:\코딩\겜프\GameProduction-2\GameProduction 2\GameProduction 2\Sprite.h(15,60): warning C4244: '=': 'double'에서 'float'(으)로 변환하면서 데이터가 손실될 수 있습니다.
D:\코딩\겜프\GameProduction-2\GameProduction 2\GameProduction 2\Sprite.h(16,47): warning C4244: '=': 'double'에서 'int'(으)로 변환하면서 데이터가 손실될 수 있습니다.
D:\코딩\겜프\GameProduction-2\GameProduction 2\GameProduction 2\Sprite.h(16,60): warning C4244: '=': 'double'에서 'int'(으)로 변환하면서 데이터가 손실될 수 있습니다.
D:\코딩\겜프\GameProduction-2\GameProduction 2\GameProduction 2\Sprite.h(19,47): warning C4244: '=': 'double'에서 'float'(으)로 변환하면서 데이터가 손실될 수 있습니다.
D:\코딩\겜프\GameProduction-2\GameProduction 2\GameProduction 2\Sprite.h(19,60): warning C4244: '=': 'double'에서 'float'(으)로 변환하면서 데이터가 손실될 수 있습니다.
D:\코딩\겜프\GameProduction-2\GameProduction 2\GameProduction 2\Player.h(25,27): warning C4244: 'return': 'double'에서 'int'(으)로 변환하면서 데이터가 손실될 수 있습니다.
  Main.cpp
D:\코딩\겜프\GameProduction-2\GameProduction 2\GameProduction 2\Sprite.h(15,47): warning C4244: '=': 'double'에서 'float'(으)로 변환하면서 데이터가 손실될 수 있습니다.
D:\코딩\겜프\GameProduction-2\GameProduction 2\GameProduction 2\Sprite.h(15,60): warning C4244: '=': 'double'에서 'float'(으)로 변환하면서 데이터가 손실될 수 있습니다.
D:\코딩\겜프\GameProduction-2\GameProduction 2\GameProduction 2\Sprite.h(16,47): warning C4244: '=': 'double'에서 'int'(으)로 변환하면서 데이터가 손실될 수 있습니다.
D:\코딩\겜프\GameProduction-2\GameProduction 2\GameProduction 2\Sprite.h(16,60): warning C4244: '=': 'double'에서 'int'(으)로 변환하면서 데이터가 손실될 수 있습니다.
D:\코딩\겜프\GameProduction-2\GameProduction 2\GameProduction 2\Sprite.h(19,47): warning C4244: '=': 'double'에서 'float'(으)로 변환하면서 데이터가 손실될 수 있습니다.
D:\코딩\겜프\GameProduction-2\GameProduction 2\GameProduction 2\Sprite.h(19,60): warning C4244: '=': 'double'에서 'float'(으)로 변환하면서 데이터가 손실될 수 있습니다.
D:\코딩\겜프\GameProduction-2\GameProduction 2\GameProduction 2\Player.h(25,27): warning C4244: 'return': 'double'에서 'int'(으)로 변환하면서 데이터가 손실될 수 있습니다.
  MathManager.cpp
D:\코딩\겜프\GameProduction-2\GameProduction 2\GameProduction 2\MathManager.cpp(97,16): warning C4244: '=': 'double'에서 'T'(으)로 변환하면서 데이터가 손실될 수 있습니다.
          with
          [
              T=float
          ]
  Player.cpp
D:\코딩\겜프\GameProduction-2\GameProduction 2\GameProduction 2\Sprite.h(15,47): warning C4244: '=': 'double'에서 'float'(으)로 변환하면서 데이터가 손실될 수 있습니다.
D:\코딩\겜프\GameProduction-2\GameProduction 2\GameProduction 2\Sprite.h(15,60): warning C4244: '=': 'double'에서 'float'(으)로 변환하면서 데이터가 손실될 수 있습니다.
D:\코딩\겜프\GameProduction-2\GameProduction 2\GameProduction 2\Sprite.h(16,47): warning C4244: '=': 'double'에서 'int'(으)로 변환하면서 데이터가 손실될 수 있습니다.
D:\코딩\겜프\GameProduction-2\GameProduction 2\GameProduction 2\Sprite.h(16,60): warning C4244: '=': 'double'에서 'int'(으)로 변환하면서 데이터가 손실될 수 있습니다.
D:\코딩\겜프\GameProduction-2\GameProduction 2\GameProduction 2\Sprite.h(19,47): warning C4244: '=': 'double'에서 'float'(으)로 변환하면서 데이터가 손실될 수 있습니다.
D:\코딩\겜프\GameProduction-2\GameProduction 2\GameProduction 2\Sprite.h(19,60): warning C4244: '=': 'double'에서 'float'(으)로 변환하면서 데이터가 손실될 수 있습니다.
D:\코딩\겜프\GameProduction-2\GameProduction 2\GameProduction 2\Player.h(25,27): warning C4244: 'return': 'double'에서 'int'(으)로 변환하면서 데이터가 손실될 수 있습니다.
D:\코딩\겜프\GameProduction-2\GameProduction 2\GameProduction 2\Player.cpp(356,22): warning C4018: '<': signed 또는 unsigned가 일치하지 않습니다.
D:\코딩\겜프\GameProduction-2\GameProduction 2\GameProduction 2\Player.cpp(387,22): warning C4018: '<': signed 또는 unsigned가 일치하지 않습니다.
  FireDrone.cpp
D:\코딩\겜프\GameProduction-2\GameProduction 2\GameProduction 2\Sprite.h(15,47): warning C4244: '=': 'double'에서 'float'(으)로 변환하면서 데이터가 손실될 수 있습니다.
D:\코딩\겜프\GameProduction-2\GameProduction 2\GameProduction 2\Sprite.h(15,60): warning C4244: '=': 'double'에서 'float'(으)로 변환하면서 데이터가 손실될 수 있습니다.
D:\코딩\겜프\GameProduction-2\GameProduction 2\GameProduction 2\Sprite.h(16,47): warning C4244: '=': 'double'에서 'int'(으)로 변환하면서 데이터가 손실될 수 있습니다.
D:\코딩\겜프\GameProduction-2\GameProduction 2\GameProduction 2\Sprite.h(16,60): warning C4244: '=': 'double'에서 'int'(으)로 변환하면서 데이터가 손실될 수 있습니다.
D:\코딩\겜프\GameProduction-2\GameProduction 2\GameProduction 2\Sprite.h(19,47): warning C4244: '=': 'double'에서 'float'(으)로 변환하면서 데이터가 손실될 수 있습니다.
D:\코딩\겜프\GameProduction-2\GameProduction 2\GameProduction 2\Sprite.h(19,60): warning C4244: '=': 'double'에서 'float'(으)로 변환하면서 데이터가 손실될 수 있습니다.
D:\코딩\겜프\GameProduction-2\GameProduction 2\GameProduction 2\Player.h(25,27): warning C4244: 'return': 'double'에서 'int'(으)로 변환하면서 데이터가 손실될 수 있습니다.
D:\코딩\겜프\GameProduction-2\GameProduction 2\GameProduction 2\FireDrone.cpp(122,21): warning C4018: '<': signed 또는 unsigned가 일치하지 않습니다.
  SkillManager.cpp
D:\코딩\겜프\GameProduction-2\GameProduction 2\GameProduction 2\Sprite.h(15,47): warning C4244: '=': 'double'에서 'float'(으)로 변환하면서 데이터가 손실될 수 있습니다.
D:\코딩\겜프\GameProduction-2\GameProduction 2\GameProduction 2\Sprite.h(15,60): warning C4244: '=': 'double'에서 'float'(으)로 변환하면서 데이터가 손실될 수 있습니다.
D:\코딩\겜프\GameProduction-2\GameProduction 2\GameProduction 2\Sprite.h(16,47): warning C4244: '=': 'double'에서 'int'(으)로 변환하면서 데이터가 손실될 수 있습니다.
D:\코딩\겜프\GameProduction-2\GameProduction 2\GameProduction 2\Sprite.h(16,60): warning C4244: '=': 'double'에서 'int'(으)로 변환하면서 데이터가 손실될 수 있습니다.
D:\코딩\겜프\GameProduction-2\GameProduction 2\GameProduction 2\Sprite.h(19,47): warning C4244: '=': 'double'에서 'float'(으)로 변환하면서 데이터가 손실될 수 있습니다.
D:\코딩\겜프\GameProduction-2\GameProduction 2\GameProduction 2\Sprite.h(19,60): warning C4244: '=': 'double'에서 'float'(으)로 변환하면서 데이터가 손실될 수 있습니다.
D:\코딩\겜프\GameProduction-2\GameProduction 2\GameProduction 2\Player.h(25,27): warning C4244: 'return': 'double'에서 'int'(으)로 변환하면서 데이터가 손실될 수 있습니다.
  SoundManager.cpp
  StateManager.cpp
D:\코딩\겜프\GameProduction-2\GameProduction 2\GameProduction 2\Sprite.h(15,47): warning C4244: '=': 'double'에서 'float'(으)로 변환하면서 데이터가 손실될 수 있습니다.
D:\코딩\겜프\GameProduction-2\GameProduction 2\GameProduction 2\Sprite.h(15,60): warning C4244: '=': 'double'에서 'float'(으)로 변환하면서 데이터가 손실될 수 있습니다.
D:\코딩\겜프\GameProduction-2\GameProduction 2\GameProduction 2\Sprite.h(16,47): warning C4244: '=': 'double'에서 'int'(으)로 변환하면서 데이터가 손실될 수 있습니다.
D:\코딩\겜프\GameProduction-2\GameProduction 2\GameProduction 2\Sprite.h(16,60): warning C4244: '=': 'double'에서 'int'(으)로 변환하면서 데이터가 손실될 수 있습니다.
D:\코딩\겜프\GameProduction-2\GameProduction 2\GameProduction 2\Sprite.h(19,47): warning C4244: '=': 'double'에서 'float'(으)로 변환하면서 데이터가 손실될 수 있습니다.
D:\코딩\겜프\GameProduction-2\GameProduction 2\GameProduction 2\Sprite.h(19,60): warning C4244: '=': 'double'에서 'float'(으)로 변환하면서 데이터가 손실될 수 있습니다.
D:\코딩\겜프\GameProduction-2\GameProduction 2\GameProduction 2\Player.h(25,27): warning C4244: 'return': 'double'에서 'int'(으)로 변환하면서 데이터가 손실될 수 있습니다.
  States.cpp
D:\코딩\겜프\GameProduction-2\GameProduction 2\GameProduction 2\Sprite.h(15,47): warning C4244: '=': 'double'에서 'float'(으)로 변환하면서 데이터가 손실될 수 있습니다.
D:\코딩\겜프\GameProduction-2\GameProduction 2\GameProduction 2\Sprite.h(15,60): warning C4244: '=': 'double'에서 'float'(으)로 변환하면서 데이터가 손실될 수 있습니다.
D:\코딩\겜프\GameProduction-2\GameProduction 2\GameProduction 2\Sprite.h(16,47): warning C4244: '=': 'double'에서 'int'(으)로 변환하면서 데이터가 손실될 수 있습니다.
D:\코딩\겜프\GameProduction-2\GameProduction 2\GameProduction 2\Sprite.h(16,60): warning C4244: '=': 'double'에서 'int'(으)로 변환하면서 데이터가 손실될 수 있습니다.
D:\코딩\겜프\GameProduction-2\GameProduction 2\GameProduction 2\Sprite.h(19,47): warning C4244: '=': 'double'에서 'float'(으)로 변환하면서 데이터가 손실될 수 있습니다.
D:\코딩\겜프\GameProduction-2\GameProduction 2\GameProduction 2\Sprite.h(19,60): warning C4244: '=': 'double'에서 'float'(으)로 변환하면서 데이터가 손실될 수 있습니다.
D:\코딩\겜프\GameProduction-2\GameProduction 2\GameProduction 2\Player.h(25,27): warning C4244: 'return': 'double'에서 'int'(으)로 변환하면서 데이터가 손실될 수 있습니다.
D:\코딩\겜프\GameProduction-2\GameProduction 2\GameProduction 2\States.cpp(193,23): warning C4244: '인수': 'double'에서 'float'(으)로 변환하면서 데이터가 손실될 수 있습니다.
D:\코딩\겜프\GameProduction-2\GameProduction 2\GameProduction 2\States.cpp(192,63): warning C4244: '인수': 'double'에서 'float'(으)로 변환하면서 데이터가 손실될 수 있습니다.
D:\코딩\겜프\GameProduction-2\GameProduction 2\GameProduction 2\States.cpp(196,22): warning C4018: '<': signed 또는 unsigned가 일치하지 않습니다.
D:\코딩\겜프\GameProduction-2\GameProduction 2\GameProduction 2\States.cpp(199,23): warning C4244: '인수': 'double'에서 'float'(으)로 변환하면서 데이터가 손실될 수 있습니다.
D:\코딩\겜프\GameProduction-2\GameProduction 2\GameProduction 2\States.cpp(198,40): warning C4244: '인수': 'double'에서 'float'(으)로 변환하면서 데이터가 손실될 수 있습니다.
D:\코딩\겜프\GameProduction-2\GameProduction 2\GameProduction 2\States.cpp(212,22): warning C4018: '<': signed 또는 unsigned가 일치하지 않습니다.
D:\코딩\겜프\GameProduction-2\GameProduction 2\GameProduction 2\States.cpp(320,21): warning C4018: '<': signed 또는 unsigned가 일치하지 않습니다.
D:\코딩\겜프\GameProduction-2\GameProduction 2\GameProduction 2\States.cpp(325,21): warning C4018: '<': signed 또는 unsigned가 일치하지 않습니다.
D:\코딩\겜프\GameProduction-2\GameProduction 2\GameProduction 2\States.cpp(406,43): warning C4838: 'float'에서 'int'(으)로의 변환에는 축소 변환이 필요합니다.
D:\코딩\겜프\GameProduction-2\GameProduction 2\GameProduction 2\States.cpp(406,43): warning C4244: '초기화 중': 'float'에서 'int'(으)로 변환하면서 데이터가 손실될 수 있습니다.
D:\코딩\겜프\GameProduction-2\GameProduction 2\GameProduction 2\States.cpp(406,73): warning C4838: 'float'에서 'int'(으)로의 변환에는 축소 변환이 필요합니다.
D:\코딩\겜프\GameProduction-2\GameProduction 2\GameProduction 2\States.cpp(406,73): warning C4244: '초기화 중': 'float'에서 'int'(으)로 변환하면서 데이터가 손실될 수 있습니다.
D:\코딩\겜프\GameProduction-2\GameProduction 2\GameProduction 2\States.cpp(407,29): warning C4838: 'float'에서 'int'(으)로의 변환에는 축소 변환이 필요합니다.
D:\코딩\겜프\GameProduction-2\GameProduction 2\GameProduction 2\States.cpp(407,29): warning C4244: '초기화 중': 'float'에서 'int'(으)로 변환하면서 데이터가 손실될 수 있습니다.
D:\코딩\겜프\GameProduction-2\GameProduction 2\GameProduction 2\States.cpp(407,59): warning C4838: 'float'에서 'int'(으)로의 변환에는 축소 변환이 필요합니다.
D:\코딩\겜프\GameProduction-2\GameProduction 2\GameProduction 2\States.cpp(407,59): warning C4244: '초기화 중': 'float'에서 'int'(으)로 변환하면서 데이터가 손실될 수 있습니다.
D:\코딩\겜프\GameProduction-2\GameProduction 2\GameProduction 2\States.cpp(410,38): warning C4838: 'float'에서 'int'(으)로의 변환에는 축소 변환이 필요합니다.
D:\코딩\겜프\GameProduction-2\GameProduction 2\GameProduction 2\States.cpp(410,38): warning C4244: '초기화 중': 'float'에서 'int'(으)로 변환하면서 데이터가 손실될 수 있습니다.
D:\코딩\겜프\GameProduction-2\GameProduction 2\GameProduction 2\States.cpp(410,63): warning C4838: 'float'에서 'int'(으)로의 변환에는 축소 변환이 필요합니다.
D:\코딩\겜프\GameProduction-2\GameProduction 2\GameProduction 2\States.cpp(410,63): warning C4244: '초기화 중': 'float'에서 'int'(으)로 변환하면서 데이터가 손실될 수 있습니다.
D:\코딩\겜프\GameProduction-2\GameProduction 2\GameProduction 2\States.cpp(410,88): warning C4838: 'float'에서 'int'(으)로의 변환에는 축소 변환이 필요합니다.
D:\코딩\겜프\GameProduction-2\GameProduction 2\GameProduction 2\States.cpp(410,88): warning C4244: '초기화 중': 'float'에서 'int'(으)로 변환하면서 데이터가 손실될 수 있습니다.
D:\코딩\겜프\GameProduction-2\GameProduction 2\GameProduction 2\States.cpp(410,113): warning C4838: 'float'에서 'int'(으)로의 변환에는 축소 변환이 필요합니다.
D:\코딩\겜프\GameProduction-2\GameProduction 2\GameProduction 2\States.cpp(410,113): warning C4244: '초기화 중': 'float'에서 'int'(으)로 변환하면서 데이터가 손실될 수 있습니다.
D:\코딩\겜프\GameProduction-2\GameProduction 2\GameProduction 2\States.cpp(429,43): warning C4838: 'float'에서 'int'(으)로의 변환에는 축소 변환이 필요합니다.
D:\코딩\겜프\GameProduction-2\GameProduction 2\GameProduction 2\States.cpp(429,43): warning C4244: '초기화 중': 'float'에서 'int'(으)로 변환하면서 데이터가 손실될 수 있습니다.
D:\코딩\겜프\GameProduction-2\GameProduction 2\GameProduction 2\States.cpp(429,73): warning C4838: 'float'에서 'int'(으)로의 변환에는 축소 변환이 필요합니다.
D:\코딩\겜프\GameProduction-2\GameProduction 2\GameProduction 2\States.cpp(429,73): warning C4244: '초기화 중': 'float'에서 'int'(으)로 변환하면서 데이터가 손실될 수 있습니다.
D:\코딩\겜프\GameProduction-2\GameProduction 2\GameProduction 2\States.cpp(430,29): warning C4838: 'float'에서 'int'(으)로의 변환에는 축소 변환이 필요합니다.
D:\코딩\겜프\GameProduction-2\GameProduction 2\GameProduction 2\States.cpp(430,29): warning C4244: '초기화 중': 'float'에서 'int'(으)로 변환하면서 데이터가 손실될 수 있습니다.
D:\코딩\겜프\GameProduction-2\GameProduction 2\GameProduction 2\States.cpp(430,59): warning C4838: 'float'에서 'int'(으)로의 변환에는 축소 변환이 필요합니다.
D:\코딩\겜프\GameProduction-2\GameProduction 2\GameProduction 2\States.cpp(430,59): warning C4244: '초기화 중': 'float'에서 'int'(으)로 변환하면서 데이터가 손실될 수 있습니다.
D:\코딩\겜프\GameProduction-2\GameProduction 2\GameProduction 2\States.cpp(431,21): warning C4018: '<': signed 또는 unsigned가 일치하지 않습니다.
D:\코딩\겜프\GameProduction-2\GameProduction 2\GameProduction 2\States.cpp(434,65): warning C4838: 'float'에서 'int'(으)로의 변환에는 축소 변환이 필요합니다.
D:\코딩\겜프\GameProduction-2\GameProduction 2\GameProduction 2\States.cpp(434,65): warning C4244: '초기화 중': 'float'에서 'int'(으)로 변환하면서 데이터가 손실될 수 있습니다.
D:\코딩\겜프\GameProduction-2\GameProduction 2\GameProduction 2\States.cpp(434,116): warning C4838: 'float'에서 'int'(으)로의 변환에는 축소 변환이 필요합니다.
D:\코딩\겜프\GameProduction-2\GameProduction 2\GameProduction 2\States.cpp(434,116): warning C4244: '초기화 중': 'float'에서 'int'(으)로 변환하면서 데이터가 손실될 수 있습니다.
D:\코딩\겜프\GameProduction-2\GameProduction 2\GameProduction 2\States.cpp(451,20): warning C4018: '<': signed 또는 unsigned가 일치하지 않습니다.
D:\코딩\겜프\GameProduction-2\GameProduction 2\GameProduction 2\States.cpp(616,23): warning C4244: '인수': 'double'에서 'float'(으)로 변환하면서 데이터가 손실될 수 있습니다.
D:\코딩\겜프\GameProduction-2\GameProduction 2\GameProduction 2\States.cpp(615,63): warning C4244: '인수': 'double'에서 'float'(으)로 변환하면서 데이터가 손실될 수 있습니다.
D:\코딩\겜프\GameProduction-2\GameProduction 2\GameProduction 2\States.cpp(620,22): warning C4018: '<': signed 또는 unsigned가 일치하지 않습니다.
D:\코딩\겜프\GameProduction-2\GameProduction 2\GameProduction 2\States.cpp(623,23): warning C4244: '인수': 'double'에서 'float'(으)로 변환하면서 데이터가 손실될 수 있습니다.
D:\코딩\겜프\GameProduction-2\GameProduction 2\GameProduction 2\States.cpp(622,40): warning C4244: '인수': 'double'에서 'float'(으)로 변환하면서 데이터가 손실될 수 있습니다.
D:\코딩\겜프\GameProduction-2\GameProduction 2\GameProduction 2\States.cpp(625,22): warning C4018: '<': signed 또는 unsigned가 일치하지 않습니다.
D:\코딩\겜프\GameProduction-2\GameProduction 2\GameProduction 2\States.cpp(754,21): warning C4018: '<': signed 또는 unsigned가 일치하지 않습니다.
D:\코딩\겜프\GameProduction-2\GameProduction 2\GameProduction 2\States.cpp(759,21): warning C4018: '<': signed 또는 unsigned가 일치하지 않습니다.
D:\코딩\겜프\GameProduction-2\GameProduction 2\GameProduction 2\States.cpp(818,43): warning C4838: 'float'에서 'int'(으)로의 변환에는 축소 변환이 필요합니다.
D:\코딩\겜프\GameProduction-2\GameProduction 2\GameProduction 2\States.cpp(818,43): warning C4244: '초기화 중': 'float'에서 'int'(으)로 변환하면서 데이터가 손실될 수 있습니다.
D:\코딩\겜프\GameProduction-2\GameProduction 2\GameProduction 2\States.cpp(818,73): warning C4838: 'float'에서 'int'(으)로의 변환에는 축소 변환이 필요합니다.
D:\코딩\겜프\GameProduction-2\GameProduction 2\GameProduction 2\States.cpp(818,73): warning C4244: '초기화 중': 'float'에서 'int'(으)로 변환하면서 데이터가 손실될 수 있습니다.
D:\코딩\겜프\GameProduction-2\GameProduction 2\GameProduction 2\States.cpp(819,29): warning C4838: 'float'에서 'int'(으)로의 변환에는 축소 변환이 필요합니다.
D:\코딩\겜프\GameProduction-2\GameProduction 2\GameProduction 2\States.cpp(819,29): warning C4244: '초기화 중': 'float'에서 'int'(으)로 변환하면서 데이터가 손실될 수 있습니다.
D:\코딩\겜프\GameProduction-2\GameProduction 2\GameProduction 2\States.cpp(819,59): warning C4838: 'float'에서 'int'(으)로의 변환에는 축소 변환이 필요합니다.
D:\코딩\겜프\GameProduction-2\GameProduction 2\GameProduction 2\States.cpp(819,59): warning C4244: '초기화 중': 'float'에서 'int'(으)로 변환하면서 데이터가 손실될 수 있습니다.
D:\코딩\겜프\GameProduction-2\GameProduction 2\GameProduction 2\States.cpp(822,38): warning C4838: 'float'에서 'int'(으)로의 변환에는 축소 변환이 필요합니다.
D:\코딩\겜프\GameProduction-2\GameProduction 2\GameProduction 2\States.cpp(822,38): warning C4244: '초기화 중': 'float'에서 'int'(으)로 변환하면서 데이터가 손실될 수 있습니다.
D:\코딩\겜프\GameProduction-2\GameProduction 2\GameProduction 2\States.cpp(822,63): warning C4838: 'float'에서 'int'(으)로의 변환에는 축소 변환이 필요합니다.
D:\코딩\겜프\GameProduction-2\GameProduction 2\GameProduction 2\States.cpp(822,63): warning C4244: '초기화 중': 'float'에서 'int'(으)로 변환하면서 데이터가 손실될 수 있습니다.
D:\코딩\겜프\GameProduction-2\GameProduction 2\GameProduction 2\States.cpp(837,43): warning C4838: 'float'에서 'int'(으)로의 변환에는 축소 변환이 필요합니다.
D:\코딩\겜프\GameProduction-2\GameProduction 2\GameProduction 2\States.cpp(837,43): warning C4244: '초기화 중': 'float'에서 'int'(으)로 변환하면서 데이터가 손실될 수 있습니다.
D:\코딩\겜프\GameProduction-2\GameProduction 2\GameProduction 2\States.cpp(837,73): warning C4838: 'float'에서 'int'(으)로의 변환에는 축소 변환이 필요합니다.
D:\코딩\겜프\GameProduction-2\GameProduction 2\GameProduction 2\States.cpp(837,73): warning C4244: '초기화 중': 'float'에서 'int'(으)로 변환하면서 데이터가 손실될 수 있습니다.
D:\코딩\겜프\GameProduction-2\GameProduction 2\GameProduction 2\States.cpp(838,29): warning C4838: 'float'에서 'int'(으)로의 변환에는 축소 변환이 필요합니다.
D:\코딩\겜프\GameProduction-2\GameProduction 2\GameProduction 2\States.cpp(838,29): warning C4244: '초기화 중': 'float'에서 'int'(으)로 변환하면서 데이터가 손실될 수 있습니다.
D:\코딩\겜프\GameProduction-2\GameProduction 2\GameProduction 2\States.cpp(838,59): warning C4838: 'float'에서 'int'(으)로의 변환에는 축소 변환이 필요합니다.
D:\코딩\겜프\GameProduction-2\GameProduction 2\GameProduction 2\States.cpp(838,59): warning C4244: '초기화 중': 'float'에서 'int'(으)로 변환하면서 데이터가 손실될 수 있습니다.
D:\코딩\겜프\GameProduction-2\GameProduction 2\GameProduction 2\States.cpp(839,21): warning C4018: '<': signed 또는 unsigned가 일치하지 않습니다.
D:\코딩\겜프\GameProduction-2\GameProduction 2\GameProduction 2\States.cpp(842,65): warning C4838: 'float'에서 'int'(으)로의 변환에는 축소 변환이 필요합니다.
D:\코딩\겜프\GameProduction-2\GameProduction 2\GameProduction 2\States.cpp(842,65): warning C4244: '초기화 중': 'float'에서 'int'(으)로 변환하면서 데이터가 손실될 수 있습니다.
D:\코딩\겜프\GameProduction-2\GameProduction 2\GameProduction 2\States.cpp(842,116): warning C4838: 'float'에서 'int'(으)로의 변환에는 축소 변환이 필요합니다.
D:\코딩\겜프\GameProduction-2\GameProduction 2\GameProduction 2\States.cpp(842,116): warning C4244: '초기화 중': 'float'에서 'int'(으)로 변환하면서 데이터가 손실될 수 있습니다.
D:\코딩\겜프\GameProduction-2\GameProduction 2\GameProduction 2\States.cpp(858,20): warning C4018: '<': signed 또는 unsigned가 일치하지 않습니다.
D:\코딩\겜프\GameProduction-2\GameProduction 2\GameProduction 2\States.cpp(1009,24): warning C4244: '인수': 'double'에서 'float'(으)로 변환하면서 데이터가 손실될 수 있습니다.
D:\코딩\겜프\GameProduction-2\GameProduction 2\GameProduction 2\States.cpp(1008,64): warning C4244: '인수': 'double'에서 'float'(으)로 변환하면서 데이터가 손실될 수 있습니다.
  TextureManager.cpp
D:\코딩\겜프\GameProduction-2\GameProduction 2\GameProduction 2\Sprite.h(15,47): warning C4244: '=': 'double'에서 'float'(으)로 변환하면서 데이터가 손실될 수 있습니다.
D:\코딩\겜프\GameProduction-2\GameProduction 2\GameProduction 2\Sprite.h(15,60): warning C4244: '=': 'double'에서 'float'(으)로 변환하면서 데이터가 손실될 수 있습니다.
D:\코딩\겜프\GameProduction-2\GameProduction 2\GameProduction 2\Sprite.h(16,47): warning C4244: '=': 'double'에서 'int'(으)로 변환하면서 데이터가 손실될 수 있습니다.
D:\코딩\겜프\GameProduction-2\GameProduction 2\GameProduction 2\Sprite.h(16,60): warning C4244: '=': 'double'에서 'int'(으)로 변환하면서 데이터가 손실될 수 있습니다.
D:\코딩\겜프\GameProduction-2\GameProduction 2\GameProduction 2\Sprite.h(19,47): warning C4244: '=': 'double'에서 'float'(으)로 변환하면서 데이터가 손실될 수 있습니다.
D:\코딩\겜프\GameProduction-2\GameProduction 2\GameProduction 2\Sprite.h(19,60): warning C4244: '=': 'double'에서 'float'(으)로 변환하면서 데이터가 손실될 수 있습니다.
D:\코딩\겜프\GameProduction-2\GameProduction 2\GameProduction 2\Player.h(25,27): warning C4244: 'return': 'double'에서 'int'(으)로 변환하면서 데이터가 손실될 수 있습니다.
  Timer.cpp
D:\코딩\겜프\GameProduction-2\GameProduction 2\GameProduction 2\Sprite.h(15,47): warning C4244: '=': 'double'에서 'float'(으)로 변환하면서 데이터가 손실될 수 있습니다.
D:\코딩\겜프\GameProduction-2\GameProduction 2\GameProduction 2\Sprite.h(15,60): warning C4244: '=': 'double'에서 'float'(으)로 변환하면서 데이터가 손실될 수 있습니다.
D:\코딩\겜프\GameProduction-2\GameProduction 2\GameProduction 2\Sprite.h(16,47): warning C4244: '=': 'double'에서 'int'(으)로 변환하면서 데이터가 손실될 수 있습니다.
D:\코딩\겜프\GameProduction-2\GameProduction 2\GameProduction 2\Sprite.h(16,60): warning C4244: '=': 'double'에서 'int'(으)로 변환하면서 데이터가 손실될 수 있습니다.
D:\코딩\겜프\GameProduction-2\GameProduction 2\GameProduction 2\Sprite.h(19,47): warning C4244: '=': 'double'에서 'float'(으)로 변환하면서 데이터가 손실될 수 있습니다.
D:\코딩\겜프\GameProduction-2\GameProduction 2\GameProduction 2\Sprite.h(19,60): warning C4244: '=': 'double'에서 'float'(으)로 변환하면서 데이터가 손실될 수 있습니다.
D:\코딩\겜프\GameProduction-2\GameProduction 2\GameProduction 2\Player.h(25,27): warning C4244: 'return': 'double'에서 'int'(으)로 변환하면서 데이터가 손실될 수 있습니다.
  코드를 생성하고 있습니다.
  Previous IPDB not found, fall back to full compilation.
  All 1207 functions were compiled because no usable IPDB/IOBJ from previous compilation was found.
  코드를 생성했습니다.
  GameProduction 2.vcxproj -> D:\코딩\겜프\GameProduction-2\GameProduction 2\Release\GameProduction 2.exe
          1개 파일이 복사되었습니다.
          1개 파일이 복사되었습니다.
          1개 파일이 복사되었습니다.
          1개 파일이 복사되었습니다.
          1개 파일이 복사되었습니다.
          1개 파일이 복사되었습니다.
          1개 파일이 복사되었습니다.
          1개 파일이 복사되었습니다.
          1개 파일이 복사되었습니다.
          1개 파일이 복사되었습니다.
          1개 파일이 복사되었습니다.
          1개 파일이 복사되었습니다.
          1개 파일이 복사되었습니다.
          1개 파일이 복사되었습니다.
          1개 파일이 복사되었습니다.
  문장 구분 오류입니다.
  D:\코딩\겜프\GameProduction-2\GameProduction 2\GameProduction 2\Aud\background_music2.wav
  D:\코딩\겜프\GameProduction-2\GameProduction 2\GameProduction 2\Aud\boom.wav
  D:\코딩\겜프\GameProduction-2\GameProduction 2\GameProduction 2\Aud\death.wav
  D:\코딩\겜프\GameProduction-2\GameProduction 2\GameProduction 2\Aud\enemy_bullets_sound_1.0.wav
  D:\코딩\겜프\GameProduction-2\GameProduction 2\GameProduction 2\Aud\Engines.wav
  D:\코딩\겜프\GameProduction-2\GameProduction 2\GameProduction 2\Aud\fire.wav
  D:\코딩\겜프\GameProduction-2\GameProduction 2\GameProduction 2\Aud\hook_extension3.wav
  D:\코딩\겜프\GameProduction-2\GameProduction 2\GameProduction 2\Aud\hook_grappling2.wav
  D:\코딩\겜프\GameProduction-2\GameProduction 2\GameProduction 2\Aud\hook_retraction3.wav
  D:\코딩\겜프\GameProduction-2\GameProduction 2\GameProduction 2\Aud\jump.wav
  D:\코딩\겜프\GameProduction-2\GameProduction 2\GameProduction 2\Aud\laser.wav
  D:\코딩\겜프\GameProduction-2\GameProduction 2\GameProduction 2\Aud\Menu screen music 1.0.wav
  D:\코딩\겜프\GameProduction-2\GameProduction 2\GameProduction 2\Aud\Menu_screen_music_1.0.wav
  D:\코딩\겜프\GameProduction-2\GameProduction 2\GameProduction 2\Aud\points_gained_1.0.wav
  D:\코딩\겜프\GameProduction-2\GameProduction 2\GameProduction 2\Aud\points_gained_2.0.wav
  D:\코딩\겜프\GameProduction-2\GameProduction 2\GameProduction 2\Aud\power.wav
  D:\코딩\겜프\GameProduction-2\GameProduction 2\GameProduction 2\Aud\power_up_sound_1.0.wav
  D:\코딩\겜프\GameProduction-2\GameProduction 2\GameProduction 2\Aud\Space_Loop1.wav
  D:\코딩\겜프\GameProduction-2\GameProduction 2\GameProduction 2\Aud\Turtles.mp3
  19개 파일이 복사되었습니다.
  D:\코딩\겜프\GameProduction-2\GameProduction 2\GameProduction 2\map\Game_map.txt
  D:\코딩\겜프\GameProduction-2\GameProduction 2\GameProduction 2\map\Level2.txt
  D:\코딩\겜프\GameProduction-2\GameProduction 2\GameProduction 2\map\LevelOneRedesign.txt
  D:\코딩\겜프\GameProduction-2\GameProduction 2\GameProduction 2\map\TileDataLevel1.txt
  D:\코딩\겜프\GameProduction-2\GameProduction 2\GameProduction 2\map\TileDataLevel2.txt
  D:\코딩\겜프\GameProduction-2\GameProduction 2\GameProduction 2\map\tutorial.txt
  6개 파일이 복사되었습니다.
  D:\코딩\겜프\GameProduction-2\GameProduction 2\GameProduction 2\Img\Assets.png
  D:\코딩\겜프\GameProduction-2\GameProduction 2\GameProduction 2\Img\Barrier.png
  D:\코딩\겜프\GameProduction-2\GameProduction 2\GameProduction 2\Img\battery.png
  D:\코딩\겜프\GameProduction-2\GameProduction 2\GameProduction 2\Img\CharacterFall.png
  D:\코딩\겜프\GameProduction-2\GameProduction 2\GameProduction 2\Img\CharacterIdle.png
  D:\코딩\겜프\GameProduction-2\GameProduction 2\GameProduction 2\Img\CharacterJumpFall.png
  D:\코딩\겜프\GameProduction-2\GameProduction 2\GameProduction 2\Img\CharacterWalk.png
  D:\코딩\겜프\GameProduction-2\GameProduction 2\GameProduction 2\Img\CharacterWalkBoost.png
  D:\코딩\겜프\GameProduction-2\GameProduction 2\GameProduction 2\Img\CharacterWalkInvisible.png
  D:\코딩\겜프\GameProduction-2\GameProduction 2\GameProduction 2\Img\CharacterWalkInvisible2.png
  D:\코딩\겜프\GameProduction-2\GameProduction 2\GameProduction 2\Img\circle.png
  D:\코딩\겜프\GameProduction-2\GameProduction 2\GameProduction 2\Img\Concept.png
  D:\코딩\겜프\GameProduction-2\GameProduction 2\GameProduction 2\Img\Concept2.png
  D:\코딩\겜프\GameProduction-2\GameProduction 2\GameProduction 2\Img\Drone2.png
  D:\코딩\겜프\GameProduction-2\GameProduction 2\GameProduction 2\Img\DroneBullet.png
  D:\코딩\겜프\GameProduction-2\GameProduction 2\GameProduction 2\Img\DroneFireIdle.png
  D:\코딩\겜프\GameProduction-2\GameProduction 2\GameProduction 2\Img\DroneIdle.png
  D:\코딩\겜프\GameProduction-2\GameProduction 2\GameProduction 2\Img\Enemies.png
  D:\코딩\겜프\GameProduction-2\GameProduction 2\GameProduction 2\Img\exit.png
  D:\코딩\겜프\GameProduction-2\GameProduction 2\GameProduction 2\Img\fireball.png
  D:\코딩\겜프\GameProduction-2\GameProduction 2\GameProduction 2\Img\flashlight.png
  D:\코딩\겜프\GameProduction-2\GameProduction 2\GameProduction 2\Img\FtAcidtestRegressive-0lWR.ttf
  D:\코딩\겜프\GameProduction-2\GameProduction 2\GameProduction 2\Img\GH.png
  D:\코딩\겜프\GameProduction-2\GameProduction 2\GameProduction 2\Img\Kit.png
  D:\코딩\겜프\GameProduction-2\GameProduction 2\GameProduction 2\Img\Latchboy.ttf
  D:\코딩\겜프\GameProduction-2\GameProduction 2\GameProduction 2\Img\LightCast_96.png
  D:\코딩\겜프\GameProduction-2\GameProduction 2\GameProduction 2\Img\LTYPE.TTF
  D:\코딩\겜프\GameProduction-2\GameProduction 2\GameProduction 2\Img\mainmenu.png
  D:\코딩\겜프\GameProduction-2\GameProduction 2\GameProduction 2\Img\mainmenuButton.png
  D:\코딩\겜프\GameProduction-2\GameProduction 2\GameProduction 2\Img\pauseButton.png
  D:\코딩\겜프\GameProduction-2\GameProduction 2\GameProduction 2\Img\play.png
  D:\코딩\겜프\GameProduction-2\GameProduction 2\GameProduction 2\Img\PlayerShip.png
  D:\코딩\겜프\GameProduction-2\GameProduction 2\GameProduction 2\Img\quitButton.png
  D:\코딩\겜프\GameProduction-2\GameProduction 2\GameProduction 2\Img\quitButtons.png
  D:\코딩\겜프\GameProduction-2\GameProduction 2\GameProduction 2\Img\resume.png
  D:\코딩\겜프\GameProduction-2\GameProduction 2\GameProduction 2\Img\resumeButton.png
  D:\코딩\겜프\GameProduction-2\GameProduction 2\GameProduction 2\Img\skills.png
  D:\코딩\겜프\GameProduction-2\GameProduction 2\GameProduction 2\Img\startBackground.png
  D:\코딩\겜프\GameProduction-2\GameProduction 2\GameProduction 2\Img\startButton.png
  D:\코딩\겜프\GameProduction-2\GameProduction 2\GameProduction 2\Img\tilemap1.png
  D:\코딩\겜프\GameProduction-2\GameProduction 2\GameProduction 2\Img\tutorial.png
  D:\코딩\겜프\GameProduction-2\GameProduction 2\GameProduction 2\Img\tutorialButton.png
  42개 파일이 복사되었습니다.
